<?xml version="1.0" encoding="UTF-8"?>
<testsuite xmlns:xsi="http://www.w3.org/2001/XMLSchema-instance" xsi:noNamespaceSchemaLocation="https://maven.apache.org/surefire/maven-surefire-plugin/xsd/surefire-test-report-3.0.xsd" version="3.0" name="NettyTest" time="0.119" tests="4" errors="0" skipped="0" failures="0">
  <properties>
    <property name="java.specification.version" value="17"/>
    <property name="sun.cpu.isalist" value="amd64"/>
    <property name="sun.jnu.encoding" value="GBK"/>
    <property name="java.class.path" value="E:\javaLearning\rpc\rpc\demo\target\test-classes;E:\javaLearning\rpc\rpc\demo\target\classes;C:\Users\86188\.m2\repository\io\netty\netty-all\4.1.89.Final\netty-all-4.1.89.Final.jar;C:\Users\86188\.m2\repository\io\netty\netty-buffer\4.1.89.Final\netty-buffer-4.1.89.Final.jar;C:\Users\86188\.m2\repository\io\netty\netty-codec\4.1.89.Final\netty-codec-4.1.89.Final.jar;C:\Users\86188\.m2\repository\io\netty\netty-codec-dns\4.1.89.Final\netty-codec-dns-4.1.89.Final.jar;C:\Users\86188\.m2\repository\io\netty\netty-codec-haproxy\4.1.89.Final\netty-codec-haproxy-4.1.89.Final.jar;C:\Users\86188\.m2\repository\io\netty\netty-codec-http\4.1.89.Final\netty-codec-http-4.1.89.Final.jar;C:\Users\86188\.m2\repository\io\netty\netty-codec-http2\4.1.89.Final\netty-codec-http2-4.1.89.Final.jar;C:\Users\86188\.m2\repository\io\netty\netty-codec-memcache\4.1.89.Final\netty-codec-memcache-4.1.89.Final.jar;C:\Users\86188\.m2\repository\io\netty\netty-codec-mqtt\4.1.89.Final\netty-codec-mqtt-4.1.89.Final.jar;C:\Users\86188\.m2\repository\io\netty\netty-codec-redis\4.1.89.Final\netty-codec-redis-4.1.89.Final.jar;C:\Users\86188\.m2\repository\io\netty\netty-codec-smtp\4.1.89.Final\netty-codec-smtp-4.1.89.Final.jar;C:\Users\86188\.m2\repository\io\netty\netty-codec-socks\4.1.89.Final\netty-codec-socks-4.1.89.Final.jar;C:\Users\86188\.m2\repository\io\netty\netty-codec-stomp\4.1.89.Final\netty-codec-stomp-4.1.89.Final.jar;C:\Users\86188\.m2\repository\io\netty\netty-codec-xml\4.1.89.Final\netty-codec-xml-4.1.89.Final.jar;C:\Users\86188\.m2\repository\io\netty\netty-common\4.1.89.Final\netty-common-4.1.89.Final.jar;C:\Users\86188\.m2\repository\io\netty\netty-handler\4.1.89.Final\netty-handler-4.1.89.Final.jar;C:\Users\86188\.m2\repository\io\netty\netty-transport-native-unix-common\4.1.89.Final\netty-transport-native-unix-common-4.1.89.Final.jar;C:\Users\86188\.m2\repository\io\netty\netty-handler-proxy\4.1.89.Final\netty-handler-proxy-4.1.89.Final.jar;C:\Users\86188\.m2\repository\io\netty\netty-handler-ssl-ocsp\4.1.89.Final\netty-handler-ssl-ocsp-4.1.89.Final.jar;C:\Users\86188\.m2\repository\io\netty\netty-resolver\4.1.89.Final\netty-resolver-4.1.89.Final.jar;C:\Users\86188\.m2\repository\io\netty\netty-resolver-dns\4.1.89.Final\netty-resolver-dns-4.1.89.Final.jar;C:\Users\86188\.m2\repository\io\netty\netty-transport\4.1.89.Final\netty-transport-4.1.89.Final.jar;C:\Users\86188\.m2\repository\io\netty\netty-transport-rxtx\4.1.89.Final\netty-transport-rxtx-4.1.89.Final.jar;C:\Users\86188\.m2\repository\io\netty\netty-transport-sctp\4.1.89.Final\netty-transport-sctp-4.1.89.Final.jar;C:\Users\86188\.m2\repository\io\netty\netty-transport-udt\4.1.89.Final\netty-transport-udt-4.1.89.Final.jar;C:\Users\86188\.m2\repository\io\netty\netty-transport-classes-epoll\4.1.89.Final\netty-transport-classes-epoll-4.1.89.Final.jar;C:\Users\86188\.m2\repository\io\netty\netty-transport-classes-kqueue\4.1.89.Final\netty-transport-classes-kqueue-4.1.89.Final.jar;C:\Users\86188\.m2\repository\io\netty\netty-resolver-dns-classes-macos\4.1.89.Final\netty-resolver-dns-classes-macos-4.1.89.Final.jar;C:\Users\86188\.m2\repository\io\netty\netty-transport-native-epoll\4.1.89.Final\netty-transport-native-epoll-4.1.89.Final-linux-x86_64.jar;C:\Users\86188\.m2\repository\io\netty\netty-transport-native-epoll\4.1.89.Final\netty-transport-native-epoll-4.1.89.Final-linux-aarch_64.jar;C:\Users\86188\.m2\repository\io\netty\netty-transport-native-kqueue\4.1.89.Final\netty-transport-native-kqueue-4.1.89.Final-osx-x86_64.jar;C:\Users\86188\.m2\repository\io\netty\netty-transport-native-kqueue\4.1.89.Final\netty-transport-native-kqueue-4.1.89.Final-osx-aarch_64.jar;C:\Users\86188\.m2\repository\io\netty\netty-resolver-dns-native-macos\4.1.89.Final\netty-resolver-dns-native-macos-4.1.89.Final-osx-x86_64.jar;C:\Users\86188\.m2\repository\io\netty\netty-resolver-dns-native-macos\4.1.89.Final\netty-resolver-dns-native-macos-4.1.89.Final-osx-aarch_64.jar;C:\Users\86188\.m2\repository\junit\junit\4.13.2\junit-4.13.2.jar;C:\Users\86188\.m2\repository\org\hamcrest\hamcrest-core\1.3\hamcrest-core-1.3.jar;C:\Users\86188\.m2\repository\org\apache\zookeeper\zookeeper\3.8.1\zookeeper-3.8.1.jar;C:\Users\86188\.m2\repository\org\apache\zookeeper\zookeeper-jute\3.8.1\zookeeper-jute-3.8.1.jar;C:\Users\86188\.m2\repository\org\apache\yetus\audience-annotations\0.12.0\audience-annotations-0.12.0.jar;C:\Users\86188\.m2\repository\io\netty\netty-transport-native-epoll\4.1.86.Final\netty-transport-native-epoll-4.1.86.Final.jar;C:\Users\86188\.m2\repository\org\slf4j\slf4j-api\1.7.30\slf4j-api-1.7.30.jar;C:\Users\86188\.m2\repository\ch\qos\logback\logback-core\1.2.10\logback-core-1.2.10.jar;C:\Users\86188\.m2\repository\ch\qos\logback\logback-classic\1.5.16\logback-classic-1.5.16.jar;C:\Users\86188\.m2\repository\commons-io\commons-io\2.11.0\commons-io-2.11.0.jar;"/>
    <property name="java.vm.vendor" value="Oracle Corporation"/>
    <property name="sun.arch.data.model" value="64"/>
    <property name="user.variant" value=""/>
    <property name="java.vendor.url" value="https://java.oracle.com/"/>
    <property name="user.timezone" value="GMT+08:00"/>
    <property name="os.name" value="Windows 10"/>
    <property name="java.vm.specification.version" value="17"/>
    <property name="sun.java.launcher" value="SUN_STANDARD"/>
    <property name="user.country" value="CN"/>
    <property name="sun.boot.library.path" value="E:\java\bin"/>
    <property name="sun.java.command" value="C:\Users\86188\AppData\Local\Temp\surefire14664846919499800458\surefirebooter-20250620222025034_3.jar C:\Users\86188\AppData\Local\Temp\surefire14664846919499800458 2025-06-20T22-20-24_901-jvmRun1 surefire-20250620222025034_1tmp surefire_0-20250620222025034_2tmp"/>
    <property name="jdk.debug" value="release"/>
    <property name="surefire.test.class.path" value="E:\javaLearning\rpc\rpc\demo\target\test-classes;E:\javaLearning\rpc\rpc\demo\target\classes;C:\Users\86188\.m2\repository\io\netty\netty-all\4.1.89.Final\netty-all-4.1.89.Final.jar;C:\Users\86188\.m2\repository\io\netty\netty-buffer\4.1.89.Final\netty-buffer-4.1.89.Final.jar;C:\Users\86188\.m2\repository\io\netty\netty-codec\4.1.89.Final\netty-codec-4.1.89.Final.jar;C:\Users\86188\.m2\repository\io\netty\netty-codec-dns\4.1.89.Final\netty-codec-dns-4.1.89.Final.jar;C:\Users\86188\.m2\repository\io\netty\netty-codec-haproxy\4.1.89.Final\netty-codec-haproxy-4.1.89.Final.jar;C:\Users\86188\.m2\repository\io\netty\netty-codec-http\4.1.89.Final\netty-codec-http-4.1.89.Final.jar;C:\Users\86188\.m2\repository\io\netty\netty-codec-http2\4.1.89.Final\netty-codec-http2-4.1.89.Final.jar;C:\Users\86188\.m2\repository\io\netty\netty-codec-memcache\4.1.89.Final\netty-codec-memcache-4.1.89.Final.jar;C:\Users\86188\.m2\repository\io\netty\netty-codec-mqtt\4.1.89.Final\netty-codec-mqtt-4.1.89.Final.jar;C:\Users\86188\.m2\repository\io\netty\netty-codec-redis\4.1.89.Final\netty-codec-redis-4.1.89.Final.jar;C:\Users\86188\.m2\repository\io\netty\netty-codec-smtp\4.1.89.Final\netty-codec-smtp-4.1.89.Final.jar;C:\Users\86188\.m2\repository\io\netty\netty-codec-socks\4.1.89.Final\netty-codec-socks-4.1.89.Final.jar;C:\Users\86188\.m2\repository\io\netty\netty-codec-stomp\4.1.89.Final\netty-codec-stomp-4.1.89.Final.jar;C:\Users\86188\.m2\repository\io\netty\netty-codec-xml\4.1.89.Final\netty-codec-xml-4.1.89.Final.jar;C:\Users\86188\.m2\repository\io\netty\netty-common\4.1.89.Final\netty-common-4.1.89.Final.jar;C:\Users\86188\.m2\repository\io\netty\netty-handler\4.1.89.Final\netty-handler-4.1.89.Final.jar;C:\Users\86188\.m2\repository\io\netty\netty-transport-native-unix-common\4.1.89.Final\netty-transport-native-unix-common-4.1.89.Final.jar;C:\Users\86188\.m2\repository\io\netty\netty-handler-proxy\4.1.89.Final\netty-handler-proxy-4.1.89.Final.jar;C:\Users\86188\.m2\repository\io\netty\netty-handler-ssl-ocsp\4.1.89.Final\netty-handler-ssl-ocsp-4.1.89.Final.jar;C:\Users\86188\.m2\repository\io\netty\netty-resolver\4.1.89.Final\netty-resolver-4.1.89.Final.jar;C:\Users\86188\.m2\repository\io\netty\netty-resolver-dns\4.1.89.Final\netty-resolver-dns-4.1.89.Final.jar;C:\Users\86188\.m2\repository\io\netty\netty-transport\4.1.89.Final\netty-transport-4.1.89.Final.jar;C:\Users\86188\.m2\repository\io\netty\netty-transport-rxtx\4.1.89.Final\netty-transport-rxtx-4.1.89.Final.jar;C:\Users\86188\.m2\repository\io\netty\netty-transport-sctp\4.1.89.Final\netty-transport-sctp-4.1.89.Final.jar;C:\Users\86188\.m2\repository\io\netty\netty-transport-udt\4.1.89.Final\netty-transport-udt-4.1.89.Final.jar;C:\Users\86188\.m2\repository\io\netty\netty-transport-classes-epoll\4.1.89.Final\netty-transport-classes-epoll-4.1.89.Final.jar;C:\Users\86188\.m2\repository\io\netty\netty-transport-classes-kqueue\4.1.89.Final\netty-transport-classes-kqueue-4.1.89.Final.jar;C:\Users\86188\.m2\repository\io\netty\netty-resolver-dns-classes-macos\4.1.89.Final\netty-resolver-dns-classes-macos-4.1.89.Final.jar;C:\Users\86188\.m2\repository\io\netty\netty-transport-native-epoll\4.1.89.Final\netty-transport-native-epoll-4.1.89.Final-linux-x86_64.jar;C:\Users\86188\.m2\repository\io\netty\netty-transport-native-epoll\4.1.89.Final\netty-transport-native-epoll-4.1.89.Final-linux-aarch_64.jar;C:\Users\86188\.m2\repository\io\netty\netty-transport-native-kqueue\4.1.89.Final\netty-transport-native-kqueue-4.1.89.Final-osx-x86_64.jar;C:\Users\86188\.m2\repository\io\netty\netty-transport-native-kqueue\4.1.89.Final\netty-transport-native-kqueue-4.1.89.Final-osx-aarch_64.jar;C:\Users\86188\.m2\repository\io\netty\netty-resolver-dns-native-macos\4.1.89.Final\netty-resolver-dns-native-macos-4.1.89.Final-osx-x86_64.jar;C:\Users\86188\.m2\repository\io\netty\netty-resolver-dns-native-macos\4.1.89.Final\netty-resolver-dns-native-macos-4.1.89.Final-osx-aarch_64.jar;C:\Users\86188\.m2\repository\junit\junit\4.13.2\junit-4.13.2.jar;C:\Users\86188\.m2\repository\org\hamcrest\hamcrest-core\1.3\hamcrest-core-1.3.jar;C:\Users\86188\.m2\repository\org\apache\zookeeper\zookeeper\3.8.1\zookeeper-3.8.1.jar;C:\Users\86188\.m2\repository\org\apache\zookeeper\zookeeper-jute\3.8.1\zookeeper-jute-3.8.1.jar;C:\Users\86188\.m2\repository\org\apache\yetus\audience-annotations\0.12.0\audience-annotations-0.12.0.jar;C:\Users\86188\.m2\repository\io\netty\netty-transport-native-epoll\4.1.86.Final\netty-transport-native-epoll-4.1.86.Final.jar;C:\Users\86188\.m2\repository\org\slf4j\slf4j-api\1.7.30\slf4j-api-1.7.30.jar;C:\Users\86188\.m2\repository\ch\qos\logback\logback-core\1.2.10\logback-core-1.2.10.jar;C:\Users\86188\.m2\repository\ch\qos\logback\logback-classic\1.5.16\logback-classic-1.5.16.jar;C:\Users\86188\.m2\repository\commons-io\commons-io\2.11.0\commons-io-2.11.0.jar;"/>
    <property name="sun.cpu.endian" value="little"/>
    <property name="user.home" value="C:\Users\86188"/>
    <property name="user.language" value="zh"/>
    <property name="java.specification.vendor" value="Oracle Corporation"/>
    <property name="java.version.date" value="2024-07-16"/>
    <property name="java.home" value="E:\java"/>
    <property name="file.separator" value="\"/>
    <property name="basedir" value="E:\javaLearning\rpc\rpc\demo"/>
    <property name="java.vm.compressedOopsMode" value="Zero based"/>
    <property name="line.separator" value="&#10;"/>
    <property name="java.vm.specification.vendor" value="Oracle Corporation"/>
    <property name="java.specification.name" value="Java Platform API Specification"/>
    <property name="surefire.real.class.path" value="C:\Users\86188\AppData\Local\Temp\surefire14664846919499800458\surefirebooter-20250620222025034_3.jar"/>
    <property name="user.script" value=""/>
    <property name="sun.management.compiler" value="HotSpot 64-Bit Tiered Compilers"/>
    <property name="java.runtime.version" value="17.0.12+8-LTS-286"/>
    <property name="user.name" value="86188"/>
    <property name="path.separator" value=";"/>
    <property name="os.version" value="10.0"/>
    <property name="java.runtime.name" value="Java(TM) SE Runtime Environment"/>
    <property name="file.encoding" value="GBK"/>
    <property name="java.vm.name" value="Java HotSpot(TM) 64-Bit Server VM"/>
    <property name="localRepository" value="C:\Users\86188\.m2\repository"/>
    <property name="java.vendor.url.bug" value="https://bugreport.java.com/bugreport/"/>
    <property name="java.io.tmpdir" value="C:\Users\86188\AppData\Local\Temp\"/>
    <property name="idea.version" value="2024.2.1"/>
    <property name="java.version" value="17.0.12"/>
    <property name="user.dir" value="E:\javaLearning\rpc\rpc\demo"/>
    <property name="os.arch" value="amd64"/>
    <property name="java.vm.specification.name" value="Java Virtual Machine Specification"/>
    <property name="sun.os.patch.level" value=""/>
    <property name="native.encoding" value="GBK"/>
    <property name="java.library.path" value="E:\java\bin;C:\WINDOWS\Sun\Java\bin;C:\WINDOWS\system32;C:\WINDOWS;C:\Program Files (x86)\VMware\VMware Workstation\bin\;C:\windows\system32;C:\windows;C:\windows\System32\Wbem;C:\windows\System32\WindowsPowerShell\v1.0\;C:\windows\System32\OpenSSH\;C:\Program Files (x86)\NVIDIA Corporation\PhysX\Common;C:\Program Files\NVIDIA Corporation\NVIDIA NvDLISR;C:\WINDOWS\system32;C:\WINDOWS;C:\WINDOWS\System32\Wbem;C:\WINDOWS\System32\WindowsPowerShell\v1.0\;C:\WINDOWS\System32\OpenSSH\;C:\mingw-w64-install.exe;D:\nodejs\node_modules\node_global;D:\nodejs\;C:\Program Files\Microsoft SQL Server\110\DTS\Binn\;C:\Program Files (x86)\Microsoft SQL Server\110\Tools\Binn\;C:\Program Files\Microsoft SQL Server\110\Tools\Binn\;C:\Program Files (x86)\Microsoft SQL Server\110\Tools\Binn\ManagementStudio\;C:\Program Files (x86)\Microsoft Visual Studio 10.0\Common7\IDE\PrivateAssemblies\;C:\Program Files (x86)\Microsoft SQL Server\110\DTS\Binn\;%QUARTUS_ROOTDIR%\bin;C:\Program Files (x86)\Tencent\微信web开发者工具\dll;C:\P;ogram Files\Git\cmd;C:\Program Files\dotnet\;C:\Program Files\Git\cmd;E:\Anaconda3;E:\Anaconda3\Scripts;E:\Anaconda3\Library\bin;E:\java_modules\apache-maven-3.9.9\bin;E:\go\bin;E:\goPro;E:\Anaconda3;E:\Anaconda3\Library\mingw-w64\bin;E:\Anaconda3\Library\usr\bin;E:\Anaconda3\Library\bin;E:\Anaconda3\Scripts;C:\Users\86188\AppData\Local\Programs\Python\Python312\Scripts\;C:\Users\86188\AppData\Local\Programs\Python\Python312\;C:\Ruby31-x64\bin;C:\Program Files\MySQL\MySQL Shell 8.0\bin\;C:\Users\86188\AppData\Local\Microsoft\WindowsApps;E:\pycharm\PyCharm Community Edition 2024.1.1\bin;;#NODE_PATH;D:\nodejs\node_modules\node_global;E:\IntelliJ IDEA 2024.2.1\bin;;C:\Users\86188\.dotnet\tools;C:\Users\86188\AppData\Roaming\npm;C:\Users\86188\AppData\Local\Programs\Microsoft VS Code\bin;E:\PyCharm 2024.2.1\bin;;E:\java\bin;E:\java_modules\cpolar\;C:\Users\86188\go\bin;E:\GoLand 2024.3.5\bin;;C:\Users\86188\AppData\Local\Programs\cursor\resources\app\bin;."/>
    <property name="java.vm.info" value="mixed mode, sharing"/>
    <property name="java.vendor" value="Oracle Corporation"/>
    <property name="java.vm.version" value="17.0.12+8-LTS-286"/>
    <property name="sun.io.unicode.encoding" value="UnicodeLittle"/>
    <property name="java.class.version" value="61.0"/>
  </properties>
  <testcase name="testSlice" classname="NettyTest" time="0.061">
    <system-out><![CDATA[1 2 3 4 5 
6 7 8 9 10 ]]></system-out>
    <system-err><![CDATA[SLF4J: Failed to load class "org.slf4j.impl.StaticLoggerBinder".
SLF4J: Defaulting to no-operation (NOP) logger implementation
SLF4J: See http://www.slf4j.org/codes.html#StaticLoggerBinder for further details.
]]></system-err>
  </testcase>
  <testcase name="testByteBuf" classname="NettyTest" time="0.011">
    <system-out><![CDATA[HEADBODY
]]></system-out>
  </testcase>
  <testcase name="testMessage" classname="NettyTest" time="0.007">
    <system-out><![CDATA[Binary representation: 66 67 01 00 7d 00 00 01 00 01 00 02 00 00 00 00 00 03 d6 3f ac ed 00 05 73 72 00 16 63 6f 6d 2e 66 67 2e 6e 65 74 74 79 2e 41 70 70 43 6c 69 65 6e 74 00 00 00 00 00 00 00 01 02 00 02 49 00 04 70 6f 72 74 4c 00 04 68 6f 73 74 74 00 12 4c 6a 61 76 61 2f 6c 61 6e 67 2f 53 74 72 69 6e 67 3b 78 70 00 00 1f 90 74 00 09 31 32 37 2e 30 2e 30 2e 31 
]]></system-out>
  </testcase>
  <testcase name="testWrapper" classname="NettyTest" time="0.001">
    <system-out><![CDATA[1234ABCD
]]></system-out>
  </testcase>
</testsuite>